# JRE version: OpenJDK Runtime Environment (17.0.11) (build 17.0.11+0--11852314)
# Java VM: OpenJDK 64-Bit Server VM (17.0.11+0--11852314, mixed mode, tiered, compressed oops, compressed class ptrs, g1 gc, windows-amd64)
GC Precious Log:
 CPUs: 8 total, 8 available
 Memory: 8034M
 Large Page Support: Disabled
 NUMA Support: Disabled
 Compressed Oops: Enabled (32-bit)
 Heap Region Size: 1M
 Heap Min Capacity: 8M
 Heap Initial Capacity: 126M
 Heap Max Capacity: 2G
 Pre-touch: Disabled
 Parallel Workers: 8
 Concurrent Workers: 2
 Concurrent Refinement Workers: 8
 Periodic GC: Disabled
Heap:
 garbage-first heap   total 168960K, used 98560K [0x0000000080000000, 0x0000000100000000)
  region size 1024K, 1 young (1024K), 1 survivors (1024K)
 Metaspace       used 90495K, committed 91136K, reserved 1179648K
  class space    used 12148K, committed 12416K, reserved 1048576K
GC Heap History (20 events):
Event: 5.171 GC heap after
{Heap after GC invocations=27 (full 0):
 garbage-first heap   total 122880K, used 70509K [0x0000000080000000, 0x0000000100000000)
  region size 1024K, 3 young (3072K), 3 survivors (3072K)
 Metaspace       used 59176K, committed 59712K, reserved 1114112K
  class space    used 8386K, committed 8640K, reserved 1048576K
}
Event: 5.362 GC heap before
{Heap before GC invocations=27 (full 0):
 garbage-first heap   total 122880K, used 95085K [0x0000000080000000, 0x0000000100000000)
  region size 1024K, 28 young (28672K), 3 survivors (3072K)
 Metaspace       used 62244K, committed 62848K, reserved 1114112K
  class space    used 8803K, committed 9088K, reserved 1048576K
}
Event: 5.365 GC heap after
{Heap after GC invocations=28 (full 0):
 garbage-first heap   total 147456K, used 71182K [0x0000000080000000, 0x0000000100000000)
  region size 1024K, 3 young (3072K), 3 survivors (3072K)
 Metaspace       used 62244K, committed 62848K, reserved 1114112K
  class space    used 8803K, committed 9088K, reserved 1048576K
}
Event: 5.807 GC heap before
{Heap before GC invocations=29 (full 0):
 garbage-first heap   total 147456K, used 113166K [0x0000000080000000, 0x0000000100000000)
  region size 1024K, 44 young (45056K), 3 survivors (3072K)
 Metaspace       used 68283K, committed 68928K, reserved 1114112K
  class space    used 9561K, committed 9856K, reserved 1048576K
}
Event: 5.810 GC heap after
{Heap after GC invocations=30 (full 0):
 garbage-first heap   total 147456K, used 72091K [0x0000000080000000, 0x0000000100000000)
  region size 1024K, 3 young (3072K), 3 survivors (3072K)
 Metaspace       used 68283K, committed 68928K, reserved 1114112K
  class space    used 9561K, committed 9856K, reserved 1048576K
}
Event: 5.982 GC heap before
{Heap before GC invocations=30 (full 0):
 garbage-first heap   total 147456K, used 93595K [0x0000000080000000, 0x0000000100000000)
  region size 1024K, 25 young (25600K), 3 survivors (3072K)
 Metaspace       used 71670K, committed 72320K, reserved 1114112K
  class space    used 10018K, committed 10304K, reserved 1048576K
}
Event: 5.985 GC heap after
{Heap after GC invocations=31 (full 0):
 garbage-first heap   total 147456K, used 72528K [0x0000000080000000, 0x0000000100000000)
  region size 1024K, 4 young (4096K), 4 survivors (4096K)
 Metaspace       used 71670K, committed 72320K, reserved 1114112K
  class space    used 10018K, committed 10304K, reserved 1048576K
}
Event: 6.215 GC heap before
{Heap before GC invocations=32 (full 0):
 garbage-first heap   total 147456K, used 124752K [0x0000000080000000, 0x0000000100000000)
  region size 1024K, 48 young (49152K), 4 survivors (4096K)
 Metaspace       used 72717K, committed 73280K, reserved 1114112K
  class space    used 10134K, committed 10368K, reserved 1048576K
}
Event: 6.226 GC heap after
{Heap after GC invocations=33 (full 0):
 garbage-first heap   total 147456K, used 82636K [0x0000000080000000, 0x0000000100000000)
  region size 1024K, 6 young (6144K), 6 survivors (6144K)
 Metaspace       used 72717K, committed 73280K, reserved 1114112K
  class space    used 10134K, committed 10368K, reserved 1048576K
}
Event: 6.432 GC heap before
{Heap before GC invocations=33 (full 0):
 garbage-first heap   total 147456K, used 107212K [0x0000000080000000, 0x0000000100000000)
  region size 1024K, 31 young (31744K), 6 survivors (6144K)
 Metaspace       used 76110K, committed 76736K, reserved 1179648K
  class space    used 10534K, committed 10816K, reserved 1048576K
}
Event: 6.437 GC heap after
{Heap after GC invocations=34 (full 0):
 garbage-first heap   total 147456K, used 84717K [0x0000000080000000, 0x0000000100000000)
  region size 1024K, 2 young (2048K), 2 survivors (2048K)
 Metaspace       used 76110K, committed 76736K, reserved 1179648K
  class space    used 10534K, committed 10816K, reserved 1048576K
}
Event: 6.715 GC heap before
{Heap before GC invocations=35 (full 0):
 garbage-first heap   total 158720K, used 126701K [0x0000000080000000, 0x0000000100000000)
  region size 1024K, 36 young (36864K), 2 survivors (2048K)
 Metaspace       used 79762K, committed 80384K, reserved 1179648K
  class space    used 10920K, committed 11200K, reserved 1048576K
}
Event: 6.717 GC heap after
{Heap after GC invocations=36 (full 0):
 garbage-first heap   total 158720K, used 94024K [0x0000000080000000, 0x0000000100000000)
  region size 1024K, 4 young (4096K), 4 survivors (4096K)
 Metaspace       used 79762K, committed 80384K, reserved 1179648K
  class space    used 10920K, committed 11200K, reserved 1048576K
}
Event: 6.982 GC heap before
{Heap before GC invocations=36 (full 0):
 garbage-first heap   total 158720K, used 129864K [0x0000000080000000, 0x0000000100000000)
  region size 1024K, 39 young (39936K), 4 survivors (4096K)
 Metaspace       used 84263K, committed 84864K, reserved 1179648K
  class space    used 11344K, committed 11584K, reserved 1048576K
}
Event: 6.986 GC heap after
{Heap after GC invocations=37 (full 0):
 garbage-first heap   total 158720K, used 95769K [0x0000000080000000, 0x0000000100000000)
  region size 1024K, 5 young (5120K), 5 survivors (5120K)
 Metaspace       used 84263K, committed 84864K, reserved 1179648K
  class space    used 11344K, committed 11584K, reserved 1048576K
}
Event: 7.282 GC heap before
{Heap before GC invocations=38 (full 0):
 garbage-first heap   total 168960K, used 130585K [0x0000000080000000, 0x0000000100000000)
  region size 1024K, 39 young (39936K), 5 survivors (5120K)
 Metaspace       used 88529K, committed 89088K, reserved 1179648K
  class space    used 11921K, committed 12160K, reserved 1048576K
}
Event: 7.286 GC heap after
{Heap after GC invocations=39 (full 0):
 garbage-first heap   total 168960K, used 98237K [0x0000000080000000, 0x0000000100000000)
  region size 1024K, 5 young (5120K), 5 survivors (5120K)
 Metaspace       used 88529K, committed 89088K, reserved 1179648K
  class space    used 11921K, committed 12160K, reserved 1048576K
}
Event: 7.314 GC heap before
{Heap before GC invocations=39 (full 0):
 garbage-first heap   total 168960K, used 100285K [0x0000000080000000, 0x0000000100000000)
  region size 1024K, 8 young (8192K), 5 survivors (5120K)
 Metaspace       used 89059K, committed 89664K, reserved 1179648K
  class space    used 11979K, committed 12224K, reserved 1048576K
}
Event: 7.317 GC heap after
{Heap after GC invocations=40 (full 0):
 garbage-first heap   total 168960K, used 98228K [0x0000000080000000, 0x0000000100000000)
  region size 1024K, 1 young (1024K), 1 survivors (1024K)
 Metaspace       used 89059K, committed 89664K, reserved 1179648K
  class space    used 11979K, committed 12224K, reserved 1048576K
}
Event: 7.461 GC heap before
{Heap before GC invocations=40 (full 0):
 garbage-first heap   total 168960K, used 109492K [0x0000000080000000, 0x0000000100000000)
  region size 1024K, 13 young (13312K), 1 survivors (1024K)
 Metaspace       used 90495K, committed 91136K, reserved 1179648K
  class space    used 12148K, committed 12416K, reserved 1048576K
}

