# JRE version: OpenJDK Runtime Environment (17.0.11) (build 17.0.11+0--11852314)
# Java VM: OpenJDK 64-Bit Server VM (17.0.11+0--11852314, mixed mode, tiered, compressed oops, compressed class ptrs, g1 gc, windows-amd64)
GC Precious Log:
 CPUs: 8 total, 8 available
 Memory: 8034M
 Large Page Support: Disabled
 NUMA Support: Disabled
 Compressed Oops: Enabled (32-bit)
 Heap Region Size: 1M
 Heap Min Capacity: 8M
 Heap Initial Capacity: 126M
 Heap Max Capacity: 2G
 Pre-touch: Disabled
 Parallel Workers: 8
 Concurrent Workers: 2
 Concurrent Refinement Workers: 8
 Periodic GC: Disabled
Heap:
 garbage-first heap   total 165888K, used 97912K [0x0000000080000000, 0x0000000100000000)
  region size 1024K, 6 young (6144K), 3 survivors (3072K)
 Metaspace       used 85883K, committed 86464K, reserved 1179648K
  class space    used 11561K, committed 11840K, reserved 1048576K
GC Heap History (20 events):
Event: 5.117 GC heap before
{Heap before GC invocations=24 (full 0):
 garbage-first heap   total 106496K, used 84776K [0x0000000080000000, 0x0000000100000000)
  region size 1024K, 17 young (17408K), 1 survivors (1024K)
 Metaspace       used 53647K, committed 54272K, reserved 1114112K
  class space    used 7175K, committed 7488K, reserved 1048576K
}
Event: 5.118 GC heap after
{Heap after GC invocations=25 (full 0):
 garbage-first heap   total 136192K, used 69043K [0x0000000080000000, 0x0000000100000000)
  region size 1024K, 1 young (1024K), 1 survivors (1024K)
 Metaspace       used 53647K, committed 54272K, reserved 1114112K
  class space    used 7175K, committed 7488K, reserved 1048576K
}
Event: 5.558 GC heap before
{Heap before GC invocations=26 (full 0):
 garbage-first heap   total 136192K, used 103859K [0x0000000080000000, 0x0000000100000000)
  region size 1024K, 35 young (35840K), 1 survivors (1024K)
 Metaspace       used 58642K, committed 59200K, reserved 1114112K
  class space    used 8305K, committed 8576K, reserved 1048576K
}
Event: 5.561 GC heap after
{Heap after GC invocations=27 (full 0):
 garbage-first heap   total 136192K, used 70275K [0x0000000080000000, 0x0000000100000000)
  region size 1024K, 3 young (3072K), 3 survivors (3072K)
 Metaspace       used 58642K, committed 59200K, reserved 1114112K
  class space    used 8305K, committed 8576K, reserved 1048576K
}
Event: 5.588 GC heap before
{Heap before GC invocations=27 (full 0):
 garbage-first heap   total 136192K, used 73347K [0x0000000080000000, 0x0000000100000000)
  region size 1024K, 6 young (6144K), 3 survivors (3072K)
 Metaspace       used 58940K, committed 59520K, reserved 1114112K
  class space    used 8352K, committed 8640K, reserved 1048576K
}
Event: 5.591 GC heap after
{Heap after GC invocations=28 (full 0):
 garbage-first heap   total 136192K, used 70101K [0x0000000080000000, 0x0000000100000000)
  region size 1024K, 1 young (1024K), 1 survivors (1024K)
 Metaspace       used 58940K, committed 59520K, reserved 1114112K
  class space    used 8352K, committed 8640K, reserved 1048576K
}
Event: 5.887 GC heap before
{Heap before GC invocations=28 (full 0):
 garbage-first heap   total 136192K, used 104917K [0x0000000080000000, 0x0000000100000000)
  region size 1024K, 35 young (35840K), 1 survivors (1024K)
 Metaspace       used 63121K, committed 63680K, reserved 1114112K
  class space    used 8931K, committed 9216K, reserved 1048576K
}
Event: 5.889 GC heap after
{Heap after GC invocations=29 (full 0):
 garbage-first heap   total 136192K, used 70731K [0x0000000080000000, 0x0000000100000000)
  region size 1024K, 1 young (1024K), 1 survivors (1024K)
 Metaspace       used 63121K, committed 63680K, reserved 1114112K
  class space    used 8931K, committed 9216K, reserved 1048576K
}
Event: 6.256 GC heap before
{Heap before GC invocations=30 (full 0):
 garbage-first heap   total 136192K, used 107595K [0x0000000080000000, 0x0000000100000000)
  region size 1024K, 37 young (37888K), 1 survivors (1024K)
 Metaspace       used 68422K, committed 68992K, reserved 1114112K
  class space    used 9588K, committed 9856K, reserved 1048576K
}
Event: 6.259 GC heap after
{Heap after GC invocations=31 (full 0):
 garbage-first heap   total 136192K, used 71484K [0x0000000080000000, 0x0000000100000000)
  region size 1024K, 2 young (2048K), 2 survivors (2048K)
 Metaspace       used 68422K, committed 68992K, reserved 1114112K
  class space    used 9588K, committed 9856K, reserved 1048576K
}
Event: 6.465 GC heap before
{Heap before GC invocations=31 (full 0):
 garbage-first heap   total 136192K, used 91964K [0x0000000080000000, 0x0000000100000000)
  region size 1024K, 23 young (23552K), 2 survivors (2048K)
 Metaspace       used 71693K, committed 72320K, reserved 1114112K
  class space    used 10020K, committed 10304K, reserved 1048576K
}
Event: 6.468 GC heap after
{Heap after GC invocations=32 (full 0):
 garbage-first heap   total 136192K, used 71949K [0x0000000080000000, 0x0000000100000000)
  region size 1024K, 3 young (3072K), 3 survivors (3072K)
 Metaspace       used 71693K, committed 72320K, reserved 1114112K
  class space    used 10020K, committed 10304K, reserved 1048576K
}
Event: 6.677 GC heap before
{Heap before GC invocations=33 (full 0):
 garbage-first heap   total 137216K, used 118029K [0x0000000080000000, 0x0000000100000000)
  region size 1024K, 41 young (41984K), 3 survivors (3072K)
 Metaspace       used 72181K, committed 72832K, reserved 1114112K
  class space    used 10056K, committed 10368K, reserved 1048576K
}
Event: 6.686 GC heap after
{Heap after GC invocations=34 (full 0):
 garbage-first heap   total 137216K, used 81954K [0x0000000080000000, 0x0000000100000000)
  region size 1024K, 6 young (6144K), 6 survivors (6144K)
 Metaspace       used 72181K, committed 72832K, reserved 1114112K
  class space    used 10056K, committed 10368K, reserved 1048576K
}
Event: 6.967 GC heap before
{Heap before GC invocations=34 (full 0):
 garbage-first heap   total 137216K, used 109602K [0x0000000080000000, 0x0000000100000000)
  region size 1024K, 33 young (33792K), 6 survivors (6144K)
 Metaspace       used 75720K, committed 76288K, reserved 1179648K
  class space    used 10480K, committed 10752K, reserved 1048576K
}
Event: 6.973 GC heap after
{Heap after GC invocations=35 (full 0):
 garbage-first heap   total 137216K, used 84102K [0x0000000080000000, 0x0000000100000000)
  region size 1024K, 2 young (2048K), 2 survivors (2048K)
 Metaspace       used 75720K, committed 76288K, reserved 1179648K
  class space    used 10480K, committed 10752K, reserved 1048576K
}
Event: 7.309 GC heap before
{Heap before GC invocations=36 (full 0):
 garbage-first heap   total 148480K, used 118918K [0x0000000080000000, 0x0000000100000000)
  region size 1024K, 29 young (29696K), 2 survivors (2048K)
 Metaspace       used 78517K, committed 79104K, reserved 1179648K
  class space    used 10803K, committed 11072K, reserved 1048576K
}
Event: 7.312 GC heap after
{Heap after GC invocations=37 (full 0):
 garbage-first heap   total 148480K, used 92596K [0x0000000080000000, 0x0000000100000000)
  region size 1024K, 4 young (4096K), 4 survivors (4096K)
 Metaspace       used 78517K, committed 79104K, reserved 1179648K
  class space    used 10803K, committed 11072K, reserved 1048576K
}
Event: 7.585 GC heap before
{Heap before GC invocations=37 (full 0):
 garbage-first heap   total 148480K, used 122292K [0x0000000080000000, 0x0000000100000000)
  region size 1024K, 33 young (33792K), 4 survivors (4096K)
 Metaspace       used 82240K, committed 82816K, reserved 1179648K
  class space    used 11115K, committed 11392K, reserved 1048576K
}
Event: 7.589 GC heap after
{Heap after GC invocations=38 (full 0):
 garbage-first heap   total 148480K, used 94863K [0x0000000080000000, 0x0000000100000000)
  region size 1024K, 4 young (4096K), 4 survivors (4096K)
 Metaspace       used 82240K, committed 82816K, reserved 1179648K
  class space    used 11115K, committed 11392K, reserved 1048576K
}

